2023-05-03 17:58:54,982 - INFO - Health check endpoint was hit
2023-05-03 17:59:09,927 - INFO - Health check endpoint was hit
2023-05-03 17:59:13,996 - INFO - Health check endpoint was hit
2023-05-03 17:59:15,383 - INFO - Health check endpoint was hit
2023-05-03 17:59:15,658 - INFO - Prediction request received: file_name='track_41.wav' model_name='Accuracy'
2023-05-03 17:59:21,111 - INFO - Prediction result: {'tru': 0, 'sax': 0, 'vio': 0, 'gac': 0, 'org': 0, 'cla': 0, 'flu': 0, 'voi': 1, 'gel': 0, 'cel': 0, 'pia': 0}
2023-05-03 17:59:22,272 - INFO - Health check endpoint was hit
2023-05-03 17:59:24,825 - INFO - Health check endpoint was hit
2023-05-03 17:59:26,202 - INFO - Health check endpoint was hit
2023-05-03 17:59:26,273 - INFO - Prediction request received: file_name='track_41.wav' model_name='Accuracy'
2023-05-03 17:59:31,026 - INFO - Prediction result: {'tru': 0, 'sax': 0, 'vio': 0, 'gac': 0, 'org': 0, 'cla': 0, 'flu': 0, 'voi': 0, 'gel': 0, 'cel': 0, 'pia': 0}
2023-05-03 17:59:33,631 - INFO - Health check endpoint was hit
2023-05-03 17:59:34,799 - INFO - Health check endpoint was hit
2023-05-03 17:59:34,830 - INFO - Prediction request received: file_name='track_41.wav' model_name='Accuracy'
2023-05-03 17:59:34,918 - ERROR - Internal server error: cannot reshape tensor of 0 elements into shape [-1, 0] because the unspecified dimension size -1 can be any value and is ambiguous
NoneType: None
2023-05-03 17:59:42,679 - INFO - Health check endpoint was hit
2023-05-03 18:20:16,513 - INFO - Health check endpoint was hit
2023-05-03 18:20:20,242 - INFO - Health check endpoint was hit
2023-05-03 18:20:21,559 - INFO - Health check endpoint was hit
2023-05-03 18:20:24,973 - INFO - Health check endpoint was hit
2023-05-03 18:20:26,239 - INFO - Health check endpoint was hit
2023-05-03 18:20:26,264 - INFO - Prediction request received: file_name='track_41.wav' model_name='Accuracy'
2023-05-03 18:20:26,364 - ERROR - Internal server error: cannot reshape tensor of 0 elements into shape [-1, 0] because the unspecified dimension size -1 can be any value and is ambiguous
NoneType: None
2023-05-03 18:21:22,956 - INFO - Health check endpoint was hit
2023-05-03 18:21:39,748 - INFO - Health check endpoint was hit
2023-05-03 18:21:43,615 - INFO - Health check endpoint was hit
2023-05-03 18:21:44,845 - INFO - Health check endpoint was hit
2023-05-03 18:21:46,725 - INFO - Health check endpoint was hit
2023-05-03 18:21:47,949 - INFO - Health check endpoint was hit
2023-05-03 18:21:47,999 - INFO - Prediction request received: file_name='track_41.wav' model_name='Accuracy'
2023-05-03 18:21:48,053 - ERROR - Internal server error: cannot reshape tensor of 0 elements into shape [-1, 0] because the unspecified dimension size -1 can be any value and is ambiguous
NoneType: None
2023-05-03 18:22:17,160 - INFO - Health check endpoint was hit
2023-05-03 18:22:21,480 - INFO - Health check endpoint was hit
2023-05-03 18:22:24,723 - INFO - Health check endpoint was hit
2023-05-03 18:22:25,634 - INFO - Health check endpoint was hit
2023-05-03 18:22:25,692 - INFO - Prediction request received: file_name='track_41.wav' model_name='Accuracy'
2023-05-03 18:22:25,763 - ERROR - Internal server error: cannot reshape tensor of 0 elements into shape [-1, 0] because the unspecified dimension size -1 can be any value and is ambiguous
NoneType: None
2023-05-03 18:22:48,302 - INFO - Health check endpoint was hit
2023-05-03 18:22:51,194 - INFO - Health check endpoint was hit
2023-05-03 18:22:59,828 - INFO - Health check endpoint was hit
2023-05-03 18:23:02,216 - INFO - Health check endpoint was hit
2023-05-03 18:23:04,125 - INFO - Health check endpoint was hit
2023-05-03 18:23:04,166 - INFO - Prediction request received: file_name='track_41.wav' model_name='Accuracy'
2023-05-03 18:23:04,204 - ERROR - Internal server error: cannot reshape tensor of 0 elements into shape [-1, 0] because the unspecified dimension size -1 can be any value and is ambiguous
NoneType: None
2023-05-03 18:23:53,862 - INFO - Health check endpoint was hit
2023-05-03 18:24:04,699 - INFO - Health check endpoint was hit
2023-05-03 18:24:07,615 - INFO - Health check endpoint was hit
2023-05-03 18:24:08,842 - INFO - Health check endpoint was hit
2023-05-03 18:24:10,792 - INFO - Health check endpoint was hit
2023-05-03 18:24:11,940 - INFO - Health check endpoint was hit
2023-05-03 18:24:12,005 - ERROR - Missing file error: File cannot be None
2023-05-03 18:25:01,925 - INFO - Health check endpoint was hit
2023-05-03 18:25:07,507 - INFO - Health check endpoint was hit
2023-05-03 18:25:10,721 - INFO - Health check endpoint was hit
2023-05-03 18:25:11,930 - INFO - Health check endpoint was hit
2023-05-03 18:25:14,018 - INFO - Health check endpoint was hit
2023-05-03 18:25:16,117 - INFO - Health check endpoint was hit
2023-05-03 18:25:16,164 - ERROR - Missing file error: File cannot be None
2023-05-03 18:29:05,536 - INFO - Health check endpoint was hit
2023-05-03 18:29:14,693 - INFO - Health check endpoint was hit
2023-05-03 18:29:23,110 - INFO - Health check endpoint was hit
2023-05-03 18:29:24,505 - INFO - Health check endpoint was hit
2023-05-03 18:29:31,911 - INFO - Health check endpoint was hit
2023-05-03 18:38:58,715 - INFO - Health check endpoint was hit
2023-05-03 18:39:01,894 - INFO - Health check endpoint was hit
2023-05-03 18:39:05,270 - INFO - Health check endpoint was hit
2023-05-03 18:39:07,592 - INFO - Health check endpoint was hit
2023-05-03 18:39:14,165 - INFO - Health check endpoint was hit
2023-05-03 18:39:15,419 - INFO - Health check endpoint was hit
2023-05-03 18:39:18,792 - INFO - Health check endpoint was hit
2023-05-03 18:39:23,839 - INFO - Health check endpoint was hit
2023-05-03 18:39:29,803 - INFO - Health check endpoint was hit
2023-05-03 18:39:35,887 - INFO - Health check endpoint was hit
2023-05-03 18:43:58,731 - INFO - Health check endpoint was hit
2023-05-03 18:45:21,151 - INFO - Health check endpoint was hit
2023-05-03 18:45:24,119 - INFO - Health check endpoint was hit
2023-05-03 18:45:25,793 - INFO - Health check endpoint was hit
2023-05-03 18:45:26,015 - ERROR - Invalid model error: Selected model doesn't exist
2023-05-04 09:00:23,417 - INFO - Health check endpoint was hit
2023-05-04 09:00:23,654 - INFO - Prediction request received: file_name='test.wav' model_name='Accuracy'
2023-05-04 09:00:33,479 - INFO - Prediction result: {'tru': 0, 'sax': 0, 'vio': 0, 'gac': 0, 'org': 0, 'cla': 0, 'flu': 0, 'voi': 0, 'gel': 1, 'cel': 0, 'pia': 0}
2023-05-04 09:00:33,581 - INFO - Prediction request received: file_name='test.wav' model_name='Accuracy'
2023-05-04 09:00:42,751 - INFO - Prediction result: {'tru': 0, 'sax': 0, 'vio': 0, 'gac': 0, 'org': 0, 'cla': 0, 'flu': 0, 'voi': 0, 'gel': 1, 'cel': 0, 'pia': 0}
2023-05-04 09:00:42,795 - ERROR - Invalid file type error: Only wav files are supported
2023-05-04 09:00:42,811 - ERROR - Invalid model error: Selected model doesn't exist
2023-05-04 09:02:53,052 - INFO - Health check endpoint was hit
2023-05-04 09:02:53,222 - INFO - Prediction request received: file_name='test.wav' model_name='Accuracy'
2023-05-04 09:03:02,251 - INFO - Prediction result: {'tru': 0, 'sax': 0, 'vio': 0, 'gac': 0, 'org': 0, 'cla': 0, 'flu': 0, 'voi': 0, 'gel': 1, 'cel': 0, 'pia': 0}
2023-05-04 09:03:02,422 - INFO - Prediction request received: file_name='test.wav' model_name='Accuracy'
2023-05-04 09:03:10,475 - INFO - Prediction result: {'tru': 0, 'sax': 0, 'vio': 0, 'gac': 0, 'org': 0, 'cla': 0, 'flu': 0, 'voi': 0, 'gel': 1, 'cel': 0, 'pia': 0}
2023-05-04 09:03:10,513 - ERROR - Invalid file type error: Only wav files are supported
2023-05-04 09:03:10,527 - ERROR - Invalid model error: Selected model doesn't exist
2023-05-04 09:04:00,959 - INFO - Health check endpoint was hit
2023-05-04 09:12:53,112 - INFO - Health check endpoint was hit
2023-05-04 09:12:53,672 - INFO - Health check endpoint was hit
2023-05-04 09:12:57,334 - INFO - Health check endpoint was hit
2023-05-04 09:12:59,121 - INFO - Health check endpoint was hit
2023-05-04 09:12:59,352 - ERROR - Internal server error: 'PredictionRequest' object has no attribute 'method'
NoneType: None
2023-05-04 09:13:47,674 - INFO - Health check endpoint was hit
2023-05-04 09:13:51,382 - INFO - Health check endpoint was hit
2023-05-04 09:13:52,527 - INFO - Health check endpoint was hit
2023-05-04 09:13:52,738 - ERROR - Internal server error: 'PredictionRequest' object has no attribute 'url'
NoneType: None
2023-05-04 09:15:25,110 - INFO - Health check endpoint was hit
2023-05-04 09:15:31,534 - INFO - Health check endpoint was hit
2023-05-04 09:15:32,595 - INFO - Health check endpoint was hit
2023-05-04 09:15:32,788 - ERROR - Internal server error: 'PredictionRequest' object has no attribute 'headers'
NoneType: None
2023-05-04 09:16:15,077 - INFO - Health check endpoint was hit
2023-05-04 09:19:30,955 - ERROR - Internal server error: 'PredictionRequest' object has no attribute 'headers'
NoneType: None
2023-05-04 09:19:48,154 - INFO - Prediction request received: file_name='test.wav' model_name='Accuracy'
2023-05-04 09:19:53,140 - INFO - Prediction result: {'tru': 0, 'sax': 0, 'vio': 0, 'gac': 0, 'org': 0, 'cla': 0, 'flu': 0, 'voi': 1, 'gel': 0, 'cel': 0, 'pia': 0}
2023-05-04 09:22:22,313 - INFO - Prediction request received: file_name='test.wav' model_name='Accuracy'
2023-05-04 09:22:26,767 - INFO - Prediction result: {'tru': 0, 'sax': 0, 'vio': 0, 'gac': 0, 'org': 0, 'cla': 0, 'flu': 0, 'voi': 1, 'gel': 0, 'cel': 0, 'pia': 0}
2023-05-04 09:22:39,791 - ERROR - Internal server error: __init__() missing 2 required positional arguments: 'value' and 'message'
NoneType: None
2023-05-04 09:24:55,966 - ERROR - Internal server error: __init__() missing 1 required positional argument: 'message'
NoneType: None
2023-05-04 09:26:03,039 - INFO - Health check endpoint was hit
2023-05-04 09:26:08,739 - ERROR - Invalid file type error: Only wav files are supported
2023-05-04 09:27:55,108 - ERROR - Invalid file type error: Only wav files are supported
2023-05-04 09:28:00,930 - INFO - Prediction request received: file_name='test.wav' model_name='Accuracy'
2023-05-04 09:28:06,288 - INFO - Prediction result: {'tru': 0, 'sax': 0, 'vio': 0, 'gac': 0, 'org': 0, 'cla': 0, 'flu': 0, 'voi': 1, 'gel': 0, 'cel': 0, 'pia': 0}
2023-05-04 09:28:20,981 - INFO - Health check endpoint was hit
2023-05-04 09:28:22,673 - INFO - Health check endpoint was hit
2023-05-04 09:28:24,920 - INFO - Health check endpoint was hit
2023-05-04 09:28:26,743 - INFO - Health check endpoint was hit
2023-05-04 09:28:26,917 - ERROR - Invalid file type error: Only wav files are supported
2023-05-04 09:36:32,912 - INFO - Health check endpoint was hit
2023-05-04 09:36:32,987 - ERROR - f{file.content_type}
2023-05-04 09:36:32,988 - ERROR - Invalid file type error: Only wav files are supported
2023-05-04 09:36:36,743 - INFO - Health check endpoint was hit
2023-05-04 09:36:40,143 - INFO - Health check endpoint was hit
2023-05-04 09:36:41,756 - INFO - Health check endpoint was hit
2023-05-04 09:36:44,675 - INFO - Health check endpoint was hit
2023-05-04 09:36:46,006 - INFO - Health check endpoint was hit
2023-05-04 09:36:46,306 - ERROR - f{file.content_type}
2023-05-04 09:36:46,309 - ERROR - Invalid file type error: Only wav files are supported
2023-05-04 09:37:10,666 - INFO - Health check endpoint was hit
2023-05-04 09:37:12,221 - INFO - Health check endpoint was hit
2023-05-04 09:37:12,485 - ERROR - None
2023-05-04 09:37:12,487 - ERROR - Invalid file type error: Only wav files are supported
2023-05-04 09:41:00,330 - INFO - Health check endpoint was hit
2023-05-04 09:41:04,029 - INFO - Health check endpoint was hit
2023-05-04 09:41:05,358 - INFO - Health check endpoint was hit
2023-05-04 09:41:05,670 - ERROR - Invalid file type error: Only wav files are supported
2023-05-04 09:41:25,821 - INFO - Health check endpoint was hit
2023-05-04 09:41:27,549 - INFO - Health check endpoint was hit
2023-05-04 09:41:29,720 - INFO - Health check endpoint was hit
2023-05-04 09:41:32,265 - ERROR - Invalid file type error: Only wav files are supported
2023-05-04 09:42:46,416 - INFO - Health check endpoint was hit
2023-05-04 09:42:49,116 - INFO - Health check endpoint was hit
2023-05-04 09:42:50,318 - INFO - Health check endpoint was hit
2023-05-04 09:42:50,698 - ERROR - Internal server error: 'SpooledTemporaryFile' object has no attribute 'content_type'
NoneType: None
2023-05-04 09:43:39,539 - INFO - Health check endpoint was hit
2023-05-04 09:43:39,540 - INFO - Health check endpoint was hit
2023-05-04 09:43:40,669 - INFO - Health check endpoint was hit
2023-05-04 09:43:40,957 - ERROR - Internal server error: 'SpooledTemporaryFile' object has no attribute 'content_type'
NoneType: None
2023-05-04 09:44:13,202 - INFO - Health check endpoint was hit
2023-05-04 09:44:15,719 - INFO - Health check endpoint was hit
2023-05-04 09:44:16,766 - INFO - Health check endpoint was hit
2023-05-04 09:44:17,133 - ERROR - Internal server error: dictionary update sequence element #0 has length 31; 2 is required
NoneType: None
2023-05-04 09:44:45,271 - INFO - Health check endpoint was hit
2023-05-04 09:44:45,273 - INFO - Health check endpoint was hit
2023-05-04 09:44:46,332 - INFO - Health check endpoint was hit
2023-05-04 09:44:46,642 - ERROR - Internal server error: 'UploadFile' object is not iterable
NoneType: None
2023-05-04 09:45:07,869 - INFO - Health check endpoint was hit
2023-05-04 09:45:07,870 - INFO - Health check endpoint was hit
2023-05-04 09:45:09,301 - INFO - Health check endpoint was hit
2023-05-04 09:45:09,538 - INFO - <starlette.datastructures.UploadFile object at 0x7f718347e550>
2023-05-04 09:45:09,542 - ERROR - Invalid file type error: Only wav files are supported
2023-05-04 09:47:02,257 - INFO - Health check endpoint was hit
2023-05-04 09:47:02,257 - INFO - Health check endpoint was hit
2023-05-04 09:47:03,940 - INFO - Health check endpoint was hit
2023-05-04 09:47:04,224 - ERROR - Invalid file type error: Only wav files are supported
2023-05-04 09:47:17,618 - INFO - Health check endpoint was hit
2023-05-04 09:49:12,305 - INFO - Health check endpoint was hit
2023-05-04 09:49:13,510 - INFO - Health check endpoint was hit
2023-05-04 09:49:13,779 - ERROR - Invalid file type error: Only wav files are supported
2023-05-04 09:49:34,194 - INFO - Health check endpoint was hit
2023-05-04 09:49:37,556 - INFO - Health check endpoint was hit
2023-05-04 09:49:38,719 - INFO - Health check endpoint was hit
2023-05-04 09:49:38,796 - ERROR - Invalid file type error: Only wav files are supported
2023-05-04 09:57:24,677 - INFO - Health check endpoint was hit
2023-05-04 09:57:27,971 - INFO - Health check endpoint was hit
2023-05-04 09:57:30,654 - INFO - Health check endpoint was hit
2023-05-04 09:57:30,966 - ERROR - Internal server error: 'UploadFile' object has no attribute 'file_type'
NoneType: None
2023-05-04 09:57:55,653 - INFO - Health check endpoint was hit
2023-05-04 09:57:55,655 - INFO - Health check endpoint was hit
2023-05-04 09:57:57,055 - INFO - Health check endpoint was hit
2023-05-04 09:57:57,342 - ERROR - Internal server error: 'UploadFile' object has no attribute 'type'
NoneType: None
2023-05-04 09:59:00,833 - INFO - Health check endpoint was hit
2023-05-04 09:59:03,734 - INFO - Health check endpoint was hit
2023-05-04 09:59:04,751 - INFO - Health check endpoint was hit
2023-05-04 09:59:05,097 - ERROR - Internal server error: 'UploadFile' object has no attribute 'type'
NoneType: None
2023-05-04 09:59:43,584 - INFO - Health check endpoint was hit
2023-05-04 09:59:43,585 - INFO - Health check endpoint was hit
2023-05-04 09:59:44,703 - INFO - Health check endpoint was hit
2023-05-04 09:59:44,987 - ERROR - Invalid file type error: Only wav files are supported
2023-05-04 10:00:04,092 - INFO - Health check endpoint was hit
2023-05-04 10:00:06,849 - INFO - Health check endpoint was hit
2023-05-04 10:00:07,079 - ERROR - Invalid file type error: Only wav files are supported
2023-05-04 10:01:02,814 - INFO - Health check endpoint was hit
2023-05-04 10:01:04,995 - INFO - Health check endpoint was hit
2023-05-04 10:01:05,257 - ERROR - Invalid file type error: Only wav files are supported
2023-05-04 10:01:09,984 - INFO - Health check endpoint was hit
2023-05-04 10:01:11,194 - INFO - Health check endpoint was hit
2023-05-04 10:01:11,367 - INFO - Prediction request received: file_name='track_41.wav' model_name='Accuracy'
2023-05-04 10:01:17,693 - INFO - Prediction result: {'tru': 0, 'sax': 0, 'vio': 0, 'gac': 0, 'org': 0, 'cla': 0, 'flu': 0, 'voi': 1, 'gel': 0, 'cel': 0, 'pia': 0}
2023-05-04 10:04:57,003 - INFO - Health check endpoint was hit
2023-05-04 10:04:57,005 - INFO - Health check endpoint was hit
2023-05-04 10:04:58,991 - INFO - Health check endpoint was hit
2023-05-04 10:05:00,359 - INFO - Health check endpoint was hit
2023-05-04 10:05:03,897 - INFO - Health check endpoint was hit
2023-05-04 10:05:08,183 - INFO - Health check endpoint was hit
2023-05-04 10:05:11,336 - INFO - Health check endpoint was hit
2023-05-04 10:05:13,263 - INFO - Health check endpoint was hit
2023-05-04 10:05:14,874 - INFO - Prediction request received: file_name='Polyphia - ABC feat. Sophia Black (Official Music Video).wav' model_name='Accuracy'
2023-05-04 10:05:21,820 - INFO - Prediction result: {'tru': 0, 'sax': 0, 'vio': 0, 'gac': 0, 'org': 0, 'cla': 0, 'flu': 0, 'voi': 1, 'gel': 1, 'cel': 0, 'pia': 0}
2023-05-04 10:07:09,719 - INFO - Health check endpoint was hit
2023-05-04 10:07:52,039 - INFO - Health check endpoint was hit
2023-05-04 10:07:53,168 - INFO - Health check endpoint was hit
2023-05-04 10:07:53,408 - ERROR - Invalid file type error: Only wav files are supported
2023-05-04 10:08:24,850 - INFO - Health check endpoint was hit
2023-05-04 10:08:27,351 - INFO - Health check endpoint was hit
2023-05-04 10:08:28,415 - INFO - Health check endpoint was hit
2023-05-04 10:08:28,782 - ERROR - Invalid file type error: Only wav files are supported
2023-05-04 10:09:20,236 - INFO - Health check endpoint was hit
2023-05-04 10:09:21,578 - INFO - Health check endpoint was hit
2023-05-04 10:09:25,660 - INFO - Health check endpoint was hit
2023-05-04 10:09:26,941 - INFO - Health check endpoint was hit
2023-05-04 10:09:30,156 - INFO - Health check endpoint was hit
2023-05-04 10:09:31,790 - INFO - Health check endpoint was hit
2023-05-04 10:09:34,359 - INFO - Health check endpoint was hit
2023-05-04 10:09:35,810 - INFO - Health check endpoint was hit
2023-05-04 10:09:36,106 - INFO - Prediction request received: file_name='Polyphia - ABC feat. Sophia Black (Official Music Video).wav' model_name='Accuracy'
2023-05-04 10:09:41,902 - INFO - Prediction result: {'tru': 0, 'sax': 0, 'vio': 0, 'gac': 0, 'org': 0, 'cla': 0, 'flu': 0, 'voi': 1, 'gel': 1, 'cel': 0, 'pia': 0}
2023-05-04 10:11:07,063 - INFO - Health check endpoint was hit
2023-05-04 10:11:10,482 - INFO - Health check endpoint was hit
2023-05-04 10:11:11,603 - INFO - Health check endpoint was hit
2023-05-04 10:11:12,456 - INFO - Prediction request received: file_name='Polyphia - ABC feat. Sophia Black (Official Music Video).wav' model_name='Accuracy'
2023-05-04 10:11:16,665 - INFO - Health check endpoint was hit
2023-05-04 10:11:17,178 - INFO - Prediction request received: file_name='track_41.wav' model_name='Accuracy'
2023-05-04 10:11:20,733 - INFO - Prediction result: {'tru': 0, 'sax': 0, 'vio': 0, 'gac': 0, 'org': 0, 'cla': 0, 'flu': 0, 'voi': 1, 'gel': 1, 'cel': 0, 'pia': 0}
2023-05-04 10:11:25,395 - INFO - Prediction result: {'tru': 0, 'sax': 0, 'vio': 0, 'gac': 0, 'org': 0, 'cla': 0, 'flu': 0, 'voi': 1, 'gel': 0, 'cel': 0, 'pia': 0}
2023-05-04 10:11:28,725 - INFO - Health check endpoint was hit
2023-05-04 10:11:29,938 - INFO - Health check endpoint was hit
2023-05-04 10:11:30,108 - INFO - Prediction request received: file_name='track_41.wav' model_name='Accuracy'
2023-05-04 10:11:36,110 - INFO - Prediction result: {'tru': 0, 'sax': 0, 'vio': 0, 'gac': 0, 'org': 0, 'cla': 0, 'flu': 0, 'voi': 1, 'gel': 0, 'cel': 0, 'pia': 0}
2023-05-04 10:51:30,003 - INFO - Health check endpoint was hit
2023-05-04 10:51:30,204 - INFO - Prediction request received: model_name='Accuracy'
2023-05-04 10:51:34,007 - INFO - Prediction result: {'tru': 0, 'sax': 0, 'vio': 0, 'gac': 0, 'org': 0, 'cla': 0, 'flu': 0, 'voi': 0, 'gel': 1, 'cel': 0, 'pia': 0}
2023-05-04 10:51:34,098 - INFO - Prediction request received: model_name='Accuracy'
2023-05-04 10:51:38,325 - INFO - Prediction result: {'tru': 0, 'sax': 0, 'vio': 0, 'gac': 0, 'org': 0, 'cla': 0, 'flu': 0, 'voi': 0, 'gel': 1, 'cel': 0, 'pia': 0}
2023-05-04 10:51:38,337 - ERROR - Invalid file type error: Only wav files are supported
2023-05-04 10:51:38,359 - ERROR - Invalid model error: Selected model doesn't exist
2023-05-04 10:52:09,373 - INFO - Health check endpoint was hit
2023-05-04 10:52:09,498 - INFO - Prediction request received: model_name='Accuracy'
2023-05-04 10:52:13,127 - INFO - Prediction result: {'tru': 0, 'sax': 0, 'vio': 0, 'gac': 0, 'org': 0, 'cla': 0, 'flu': 0, 'voi': 0, 'gel': 1, 'cel': 0, 'pia': 0}
2023-05-04 10:52:13,197 - INFO - Prediction request received: model_name='Accuracy'
2023-05-04 10:52:16,978 - INFO - Prediction result: {'tru': 0, 'sax': 0, 'vio': 0, 'gac': 0, 'org': 0, 'cla': 0, 'flu': 0, 'voi': 0, 'gel': 1, 'cel': 0, 'pia': 0}
2023-05-04 10:52:16,988 - ERROR - Invalid file type error: Only wav files are supported
2023-05-04 10:52:16,997 - ERROR - Invalid model error: Selected model doesn't exist
2023-05-04 11:10:56,525 - INFO - Health check endpoint was hit
2023-05-04 21:25:31,909 - INFO - Health check endpoint was hit
2023-05-04 21:37:48,490 - INFO - Health check endpoint was hit
2023-05-04 21:38:05,741 - INFO - Health check endpoint was hit
2023-05-04 21:38:06,055 - INFO - Prediction request received: model_name='Accuracy'
2023-05-04 21:38:10,725 - INFO - Prediction result: {'tru': 0, 'sax': 0, 'vio': 0, 'gac': 0, 'org': 0, 'cla': 0, 'flu': 0, 'voi': 1, 'gel': 0, 'cel': 0, 'pia': 0}
2023-05-04 21:38:11,981 - INFO - Health check endpoint was hit
2023-05-04 21:38:15,824 - INFO - Health check endpoint was hit
2023-05-04 21:38:18,002 - INFO - Health check endpoint was hit
2023-05-04 21:38:18,854 - INFO - Prediction request received: model_name='Accuracy'
2023-05-04 21:38:25,026 - INFO - Prediction result: {'tru': 0, 'sax': 0, 'vio': 0, 'gac': 0, 'org': 0, 'cla': 0, 'flu': 0, 'voi': 1, 'gel': 1, 'cel': 0, 'pia': 0}
2023-05-04 21:44:17,596 - INFO - Health check endpoint was hit
2023-05-04 21:45:00,612 - INFO - Health check endpoint was hit
2023-05-04 21:45:03,359 - INFO - Health check endpoint was hit
2023-05-04 21:45:06,629 - INFO - Health check endpoint was hit
2023-05-04 21:48:01,601 - INFO - Health check endpoint was hit
2023-05-04 21:48:08,033 - INFO - Health check endpoint was hit
2023-05-04 21:48:09,838 - INFO - Health check endpoint was hit
2023-05-04 21:48:46,081 - INFO - Health check endpoint was hit
2023-05-04 21:50:48,942 - INFO - Health check endpoint was hit
2023-05-04 21:51:23,002 - INFO - Health check endpoint was hit
2023-05-04 21:51:28,744 - INFO - Health check endpoint was hit
2023-05-04 21:51:30,239 - INFO - Health check endpoint was hit
2023-05-04 21:51:31,930 - INFO - Prediction request received: model_name='Accuracy'
2023-05-04 21:51:37,036 - INFO - Prediction result: {'tru': 0, 'sax': 0, 'vio': 0, 'gac': 0, 'org': 0, 'cla': 0, 'flu': 0, 'voi': 1, 'gel': 1, 'cel': 0, 'pia': 0}
2023-05-04 21:51:39,535 - INFO - Prediction request received: model_name='Accuracy'
2023-05-04 21:51:49,231 - INFO - Prediction result: {'tru': 0, 'sax': 0, 'vio': 0, 'gac': 0, 'org': 0, 'cla': 0, 'flu': 0, 'voi': 0, 'gel': 1, 'cel': 0, 'pia': 0}
2023-05-04 21:55:11,363 - INFO - Health check endpoint was hit
2023-05-04 21:55:24,156 - INFO - Health check endpoint was hit
2023-05-04 21:55:27,085 - INFO - Health check endpoint was hit
2023-05-04 21:55:29,489 - INFO - Health check endpoint was hit
2023-05-04 21:56:24,674 - INFO - Health check endpoint was hit
2023-05-04 21:56:26,500 - INFO - Health check endpoint was hit
2023-05-04 21:56:27,435 - INFO - Health check endpoint was hit
2023-05-04 21:59:02,136 - INFO - Health check endpoint was hit
2023-05-04 21:59:06,850 - INFO - Health check endpoint was hit
2023-05-04 21:59:08,647 - INFO - Health check endpoint was hit
2023-05-04 21:59:11,794 - INFO - Health check endpoint was hit
2023-05-04 21:59:13,700 - INFO - Health check endpoint was hit
2023-05-04 21:59:14,976 - INFO - Health check endpoint was hit
2023-05-04 21:59:15,292 - INFO - Prediction request received: model_name='Accuracy'
2023-05-04 21:59:20,920 - INFO - Prediction result: {'tru': 0, 'sax': 0, 'vio': 0, 'gac': 0, 'org': 0, 'cla': 0, 'flu': 0, 'voi': 1, 'gel': 0, 'cel': 0, 'pia': 0}
2023-05-04 21:59:27,519 - INFO - Health check endpoint was hit
2023-05-04 21:59:28,771 - INFO - Health check endpoint was hit
2023-05-04 21:59:29,693 - INFO - Prediction request received: model_name='Accuracy'
2023-05-04 21:59:36,553 - INFO - Prediction result: {'tru': 0, 'sax': 0, 'vio': 0, 'gac': 0, 'org': 0, 'cla': 0, 'flu': 0, 'voi': 1, 'gel': 1, 'cel': 0, 'pia': 0}
2023-05-04 22:10:08,778 - INFO - Received request to root endpoint
2023-05-06 22:34:41,272 - INFO - Health check endpoint was hit
2023-05-06 22:34:55,167 - INFO - Health check endpoint was hit
2023-05-06 22:35:21,053 - INFO - Health check endpoint was hit
2023-05-06 22:35:26,742 - INFO - Health check endpoint was hit
2023-05-06 22:35:32,371 - INFO - Health check endpoint was hit
2023-05-06 22:35:33,819 - INFO - Health check endpoint was hit
2023-05-06 22:35:34,403 - INFO - Prediction request received: model_name='Accuracy'
2023-05-06 22:35:41,722 - INFO - Prediction result: {'tru': 0, 'sax': 0, 'vio': 0, 'gac': 0, 'org': 0, 'cla': 0, 'flu': 0, 'voi': 0, 'gel': 1, 'cel': 0, 'pia': 1}
2023-05-06 22:36:17,879 - INFO - Health check endpoint was hit
2023-05-07 16:30:53,169 - INFO - Health check endpoint was hit
2023-05-07 16:30:59,832 - INFO - Health check endpoint was hit
2023-05-07 16:31:01,543 - INFO - Health check endpoint was hit
2023-05-07 16:31:01,565 - INFO - Prediction request received: model_name='Accuracy'
2023-05-07 16:31:06,271 - INFO - Prediction result: {'tru': 0, 'sax': 0, 'vio': 0, 'gac': 1, 'org': 0, 'cla': 0, 'flu': 0, 'voi': 0, 'gel': 1, 'cel': 0, 'pia': 1}
2023-05-07 16:31:26,957 - INFO - Health check endpoint was hit
2023-05-07 16:31:28,022 - INFO - Health check endpoint was hit
2023-05-07 16:31:30,861 - INFO - Health check endpoint was hit
2023-05-07 16:31:30,881 - INFO - Prediction request received: model_name='Accuracy'
2023-05-07 16:31:35,460 - INFO - Prediction result: {'tru': 0, 'sax': 0, 'vio': 0, 'gac': 0, 'org': 0, 'cla': 0, 'flu': 0, 'voi': 0, 'gel': 0, 'cel': 0, 'pia': 0}
2023-05-07 16:31:38,415 - INFO - Health check endpoint was hit
2023-05-07 16:31:41,482 - INFO - Health check endpoint was hit
2023-05-07 16:31:43,057 - INFO - Health check endpoint was hit
2023-05-07 16:31:43,078 - INFO - Prediction request received: model_name='Accuracy'
2023-05-07 16:31:47,756 - INFO - Prediction result: {'tru': 0, 'sax': 0, 'vio': 0, 'gac': 0, 'org': 0, 'cla': 0, 'flu': 0, 'voi': 0, 'gel': 1, 'cel': 0, 'pia': 1}
2023-05-07 16:32:33,332 - INFO - Health check endpoint was hit
2023-05-07 16:32:34,646 - INFO - Health check endpoint was hit
2023-05-07 16:32:37,850 - INFO - Health check endpoint was hit
2023-05-07 16:32:37,868 - INFO - Prediction request received: model_name='Accuracy'
2023-05-07 16:32:44,685 - INFO - Prediction result: {'tru': 0, 'sax': 0, 'vio': 0, 'gac': 0, 'org': 0, 'cla': 0, 'flu': 0, 'voi': 0, 'gel': 0, 'cel': 0, 'pia': 0}
2023-05-07 16:33:02,420 - INFO - Health check endpoint was hit
2023-05-07 16:33:05,655 - INFO - Health check endpoint was hit
2023-05-07 16:33:08,029 - INFO - Health check endpoint was hit
2023-05-07 16:33:08,099 - INFO - Prediction request received: model_name='Accuracy'
2023-05-07 16:33:13,196 - INFO - Prediction result: {'tru': 0, 'sax': 0, 'vio': 0, 'gac': 0, 'org': 0, 'cla': 0, 'flu': 0, 'voi': 0, 'gel': 0, 'cel': 0, 'pia': 1}
2023-05-07 16:33:27,833 - INFO - Health check endpoint was hit
2023-05-07 16:33:30,601 - INFO - Health check endpoint was hit
2023-05-07 16:33:31,620 - INFO - Health check endpoint was hit
2023-05-07 16:33:31,788 - INFO - Prediction request received: model_name='Accuracy'
2023-05-07 16:33:36,179 - INFO - Prediction result: {'tru': 1, 'sax': 0, 'vio': 0, 'gac': 0, 'org': 0, 'cla': 0, 'flu': 0, 'voi': 0, 'gel': 0, 'cel': 0, 'pia': 1}
2023-05-07 16:33:52,116 - INFO - Health check endpoint was hit
2023-05-07 16:34:00,066 - INFO - Health check endpoint was hit
2023-05-07 16:34:03,261 - INFO - Health check endpoint was hit
2023-05-07 16:34:18,674 - INFO - Health check endpoint was hit
2023-05-07 16:34:29,360 - INFO - Health check endpoint was hit
2023-05-07 16:34:35,288 - INFO - Health check endpoint was hit
2023-05-07 16:34:39,724 - INFO - Health check endpoint was hit
2023-05-07 16:34:44,288 - INFO - Health check endpoint was hit
2023-05-07 16:34:46,920 - INFO - Prediction request received: model_name='Accuracy'
2023-05-07 16:34:54,729 - INFO - Prediction result: {'tru': 0, 'sax': 0, 'vio': 0, 'gac': 0, 'org': 0, 'cla': 0, 'flu': 0, 'voi': 0, 'gel': 1, 'cel': 0, 'pia': 0}
2023-05-07 16:39:43,868 - INFO - Health check endpoint was hit
2023-05-07 18:03:13,575 - INFO - Health check endpoint was hit
2023-05-07 18:03:23,981 - INFO - Prediction request received: model_name='Accuracy'
2023-05-07 18:03:36,255 - INFO - Prediction result: {'tru': 0, 'sax': 0, 'vio': 0, 'gac': 0, 'org': 0, 'cla': 0, 'flu': 0, 'voi': 0, 'gel': 1, 'cel': 0, 'pia': 1}
2023-05-07 18:03:49,952 - INFO - Prediction request received: model_name='Accuracy'
2023-05-07 18:03:55,700 - INFO - Prediction result: {'tru': 0, 'sax': 0, 'vio': 0, 'gac': 0, 'org': 0, 'cla': 0, 'flu': 0, 'voi': 1, 'gel': 1, 'cel': 0, 'pia': 1}
2023-05-07 18:04:09,745 - INFO - Prediction request received: model_name='Accuracy'
2023-05-07 18:04:13,935 - INFO - Prediction result: {'tru': 0, 'sax': 0, 'vio': 0, 'gac': 0, 'org': 0, 'cla': 0, 'flu': 0, 'voi': 1, 'gel': 0, 'cel': 0, 'pia': 0}
2023-05-07 18:04:22,438 - INFO - Prediction request received: model_name='Accuracy'
2023-05-07 18:04:27,346 - INFO - Prediction result: {'tru': 0, 'sax': 0, 'vio': 0, 'gac': 0, 'org': 1, 'cla': 0, 'flu': 0, 'voi': 0, 'gel': 0, 'cel': 0, 'pia': 1}
2023-05-07 18:04:59,798 - INFO - Prediction request received: model_name='Accuracy'
2023-05-07 18:05:03,736 - INFO - Prediction result: {'tru': 0, 'sax': 0, 'vio': 0, 'gac': 0, 'org': 0, 'cla': 0, 'flu': 1, 'voi': 1, 'gel': 0, 'cel': 0, 'pia': 0}
2023-05-07 18:05:03,798 - INFO - Prediction request received: model_name='Accuracy'
2023-05-07 18:05:07,704 - INFO - Prediction result: {'tru': 1, 'sax': 0, 'vio': 0, 'gac': 0, 'org': 0, 'cla': 0, 'flu': 0, 'voi': 0, 'gel': 0, 'cel': 0, 'pia': 0}
2023-05-07 18:05:07,780 - INFO - Prediction request received: model_name='Accuracy'
2023-05-07 18:05:13,619 - INFO - Prediction result: {'tru': 0, 'sax': 1, 'vio': 0, 'gac': 0, 'org': 0, 'cla': 0, 'flu': 0, 'voi': 0, 'gel': 0, 'cel': 0, 'pia': 0}
2023-05-07 18:05:13,707 - INFO - Prediction request received: model_name='Accuracy'
2023-05-07 18:05:17,490 - INFO - Prediction result: {'tru': 0, 'sax': 1, 'vio': 0, 'gac': 0, 'org': 0, 'cla': 0, 'flu': 0, 'voi': 1, 'gel': 0, 'cel': 0, 'pia': 0}
2023-05-07 18:05:17,539 - INFO - Prediction request received: model_name='Accuracy'
2023-05-07 18:05:21,888 - INFO - Prediction result: {'tru': 1, 'sax': 0, 'vio': 0, 'gac': 0, 'org': 0, 'cla': 0, 'flu': 0, 'voi': 0, 'gel': 0, 'cel': 0, 'pia': 0}
2023-05-07 18:05:22,049 - INFO - Prediction request received: model_name='Accuracy'
2023-05-07 18:05:28,629 - INFO - Prediction result: {'tru': 0, 'sax': 0, 'vio': 1, 'gac': 0, 'org': 0, 'cla': 0, 'flu': 0, 'voi': 0, 'gel': 0, 'cel': 0, 'pia': 0}
2023-05-07 18:05:28,697 - INFO - Prediction request received: model_name='Accuracy'
2023-05-07 18:05:33,071 - INFO - Prediction result: {'tru': 0, 'sax': 0, 'vio': 0, 'gac': 0, 'org': 0, 'cla': 0, 'flu': 0, 'voi': 1, 'gel': 0, 'cel': 0, 'pia': 0}
2023-05-07 18:05:33,136 - INFO - Prediction request received: model_name='Accuracy'
2023-05-07 18:05:37,389 - INFO - Prediction result: {'tru': 1, 'sax': 1, 'vio': 0, 'gac': 0, 'org': 0, 'cla': 0, 'flu': 0, 'voi': 0, 'gel': 0, 'cel': 0, 'pia': 0}
2023-05-07 18:05:37,505 - INFO - Prediction request received: model_name='Accuracy'
2023-05-07 18:05:42,438 - INFO - Prediction result: {'tru': 1, 'sax': 0, 'vio': 1, 'gac': 0, 'org': 0, 'cla': 0, 'flu': 0, 'voi': 0, 'gel': 0, 'cel': 0, 'pia': 0}
2023-05-07 18:05:42,496 - INFO - Prediction request received: model_name='Accuracy'
2023-05-07 18:05:46,912 - INFO - Prediction result: {'tru': 1, 'sax': 0, 'vio': 0, 'gac': 0, 'org': 0, 'cla': 0, 'flu': 1, 'voi': 1, 'gel': 0, 'cel': 0, 'pia': 0}
2023-05-07 18:05:46,995 - INFO - Prediction request received: model_name='Accuracy'
2023-05-07 18:05:50,917 - INFO - Prediction result: {'tru': 1, 'sax': 0, 'vio': 0, 'gac': 0, 'org': 0, 'cla': 0, 'flu': 1, 'voi': 0, 'gel': 0, 'cel': 0, 'pia': 0}
2023-05-07 18:23:23,972 - INFO - Prediction request received: model_name='Accuracy'
2023-05-07 18:23:27,849 - INFO - Prediction result: {'tru': 0, 'sax': 0, 'vio': 0, 'gac': 0, 'org': 0, 'cla': 0, 'flu': 1, 'voi': 1, 'gel': 0, 'cel': 0, 'pia': 0}
2023-05-07 18:23:27,973 - INFO - Prediction request received: model_name='Accuracy'
2023-05-07 18:23:31,978 - INFO - Prediction result: {'tru': 0, 'sax': 1, 'vio': 0, 'gac': 0, 'org': 0, 'cla': 0, 'flu': 0, 'voi': 1, 'gel': 0, 'cel': 0, 'pia': 0}
2023-05-07 18:23:32,041 - INFO - Prediction request received: model_name='Accuracy'
2023-05-07 18:23:35,986 - INFO - Prediction result: {'tru': 1, 'sax': 0, 'vio': 0, 'gac': 0, 'org': 0, 'cla': 0, 'flu': 0, 'voi': 0, 'gel': 0, 'cel': 0, 'pia': 0}
2023-05-07 18:23:36,070 - INFO - Prediction request received: model_name='Accuracy'
2023-05-07 18:23:40,217 - INFO - Prediction result: {'tru': 1, 'sax': 0, 'vio': 0, 'gac': 0, 'org': 0, 'cla': 0, 'flu': 0, 'voi': 0, 'gel': 0, 'cel': 0, 'pia': 0}
2023-05-07 18:23:40,303 - INFO - Prediction request received: model_name='Accuracy'
2023-05-07 18:23:44,519 - INFO - Prediction result: {'tru': 0, 'sax': 1, 'vio': 0, 'gac': 0, 'org': 0, 'cla': 0, 'flu': 0, 'voi': 0, 'gel': 0, 'cel': 0, 'pia': 0}
2023-05-07 18:23:44,611 - INFO - Prediction request received: model_name='Accuracy'
2023-05-07 18:23:48,214 - INFO - Prediction result: {'tru': 1, 'sax': 0, 'vio': 0, 'gac': 0, 'org': 0, 'cla': 0, 'flu': 1, 'voi': 0, 'gel': 0, 'cel': 0, 'pia': 0}
2023-05-07 18:23:48,271 - INFO - Prediction request received: model_name='Accuracy'
2023-05-07 18:23:51,780 - INFO - Prediction result: {'tru': 1, 'sax': 1, 'vio': 0, 'gac': 0, 'org': 0, 'cla': 0, 'flu': 0, 'voi': 0, 'gel': 0, 'cel': 0, 'pia': 0}
2023-05-07 18:23:51,853 - INFO - Prediction request received: model_name='Accuracy'
2023-05-07 18:23:55,743 - INFO - Prediction result: {'tru': 0, 'sax': 0, 'vio': 1, 'gac': 0, 'org': 0, 'cla': 0, 'flu': 0, 'voi': 0, 'gel': 0, 'cel': 0, 'pia': 0}
2023-05-07 18:23:55,871 - INFO - Prediction request received: model_name='Accuracy'
2023-05-07 18:23:59,891 - INFO - Prediction result: {'tru': 1, 'sax': 0, 'vio': 1, 'gac': 0, 'org': 0, 'cla': 0, 'flu': 0, 'voi': 0, 'gel': 0, 'cel': 0, 'pia': 0}
2023-05-07 18:23:59,950 - INFO - Prediction request received: model_name='Accuracy'
2023-05-07 18:24:03,770 - INFO - Prediction result: {'tru': 0, 'sax': 0, 'vio': 0, 'gac': 0, 'org': 0, 'cla': 0, 'flu': 0, 'voi': 1, 'gel': 0, 'cel': 0, 'pia': 0}
2023-05-07 18:24:03,851 - INFO - Prediction request received: model_name='Accuracy'
2023-05-07 18:24:07,450 - INFO - Prediction result: {'tru': 1, 'sax': 0, 'vio': 0, 'gac': 0, 'org': 0, 'cla': 0, 'flu': 1, 'voi': 1, 'gel': 0, 'cel': 0, 'pia': 0}
2023-05-07 18:24:07,551 - INFO - Prediction request received: model_name='Accuracy'
2023-05-07 18:24:11,947 - INFO - Prediction result: {'tru': 0, 'sax': 1, 'vio': 0, 'gac': 0, 'org': 0, 'cla': 0, 'flu': 0, 'voi': 0, 'gel': 0, 'cel': 0, 'pia': 0}
2023-05-07 18:24:12,017 - INFO - Prediction request received: model_name='Accuracy'
2023-05-07 18:24:15,981 - INFO - Prediction result: {'tru': 0, 'sax': 1, 'vio': 0, 'gac': 0, 'org': 0, 'cla': 0, 'flu': 0, 'voi': 1, 'gel': 0, 'cel': 0, 'pia': 0}
2023-05-07 18:24:16,052 - INFO - Prediction request received: model_name='Accuracy'
2023-05-07 18:24:19,885 - INFO - Prediction result: {'tru': 1, 'sax': 1, 'vio': 0, 'gac': 0, 'org': 0, 'cla': 0, 'flu': 0, 'voi': 0, 'gel': 0, 'cel': 0, 'pia': 0}
2023-05-07 18:24:19,990 - INFO - Prediction request received: model_name='Accuracy'
2023-05-07 18:24:24,505 - INFO - Prediction result: {'tru': 0, 'sax': 0, 'vio': 1, 'gac': 0, 'org': 0, 'cla': 0, 'flu': 0, 'voi': 1, 'gel': 0, 'cel': 0, 'pia': 0}
2023-05-07 18:24:24,649 - INFO - Prediction request received: model_name='Accuracy'
2023-05-07 18:24:29,470 - INFO - Prediction result: {'tru': 1, 'sax': 0, 'vio': 0, 'gac': 0, 'org': 0, 'cla': 0, 'flu': 0, 'voi': 0, 'gel': 0, 'cel': 0, 'pia': 0}
2023-05-07 18:24:29,619 - INFO - Prediction request received: model_name='Accuracy'
2023-05-07 18:24:34,723 - INFO - Prediction result: {'tru': 1, 'sax': 0, 'vio': 0, 'gac': 0, 'org': 0, 'cla': 0, 'flu': 0, 'voi': 1, 'gel': 0, 'cel': 0, 'pia': 0}
2023-05-07 18:24:34,814 - INFO - Prediction request received: model_name='Accuracy'
2023-05-07 18:24:39,702 - INFO - Prediction result: {'tru': 1, 'sax': 0, 'vio': 0, 'gac': 0, 'org': 0, 'cla': 0, 'flu': 0, 'voi': 1, 'gel': 0, 'cel': 0, 'pia': 0}
2023-05-07 18:24:40,004 - INFO - Prediction request received: model_name='Accuracy'
2023-05-07 18:24:44,777 - INFO - Prediction result: {'tru': 0, 'sax': 1, 'vio': 0, 'gac': 0, 'org': 1, 'cla': 0, 'flu': 0, 'voi': 0, 'gel': 0, 'cel': 0, 'pia': 0}
2023-05-07 18:24:44,977 - INFO - Prediction request received: model_name='Accuracy'
2023-05-07 18:24:50,154 - INFO - Prediction result: {'tru': 1, 'sax': 1, 'vio': 0, 'gac': 0, 'org': 0, 'cla': 0, 'flu': 0, 'voi': 0, 'gel': 0, 'cel': 0, 'pia': 0}
2023-05-07 18:24:50,446 - INFO - Prediction request received: model_name='Accuracy'
2023-05-07 18:24:54,743 - INFO - Prediction result: {'tru': 0, 'sax': 0, 'vio': 0, 'gac': 1, 'org': 0, 'cla': 0, 'flu': 0, 'voi': 0, 'gel': 0, 'cel': 0, 'pia': 0}
2023-05-07 18:24:54,812 - INFO - Prediction request received: model_name='Accuracy'
2023-05-07 18:25:00,664 - INFO - Prediction result: {'tru': 0, 'sax': 1, 'vio': 0, 'gac': 0, 'org': 0, 'cla': 0, 'flu': 0, 'voi': 0, 'gel': 0, 'cel': 0, 'pia': 0}
2023-05-07 18:25:00,749 - INFO - Prediction request received: model_name='Accuracy'
2023-05-07 18:25:05,195 - INFO - Prediction result: {'tru': 0, 'sax': 1, 'vio': 0, 'gac': 0, 'org': 0, 'cla': 0, 'flu': 0, 'voi': 0, 'gel': 1, 'cel': 0, 'pia': 0}
2023-05-07 18:25:05,280 - INFO - Prediction request received: model_name='Accuracy'
2023-05-07 18:25:09,923 - INFO - Prediction result: {'tru': 0, 'sax': 0, 'vio': 0, 'gac': 0, 'org': 0, 'cla': 0, 'flu': 0, 'voi': 1, 'gel': 0, 'cel': 0, 'pia': 0}
2023-05-07 18:25:10,005 - INFO - Prediction request received: model_name='Accuracy'
2023-05-07 18:25:15,612 - INFO - Prediction result: {'tru': 1, 'sax': 0, 'vio': 0, 'gac': 0, 'org': 0, 'cla': 0, 'flu': 0, 'voi': 0, 'gel': 0, 'cel': 0, 'pia': 0}
2023-05-07 18:25:15,883 - INFO - Prediction request received: model_name='Accuracy'
2023-05-07 18:25:22,832 - INFO - Prediction result: {'tru': 0, 'sax': 0, 'vio': 1, 'gac': 1, 'org': 0, 'cla': 0, 'flu': 0, 'voi': 0, 'gel': 0, 'cel': 0, 'pia': 0}
2023-05-07 18:25:22,916 - INFO - Prediction request received: model_name='Accuracy'
2023-05-07 18:25:27,944 - INFO - Prediction result: {'tru': 0, 'sax': 0, 'vio': 0, 'gac': 0, 'org': 0, 'cla': 0, 'flu': 1, 'voi': 0, 'gel': 0, 'cel': 0, 'pia': 0}
2023-05-07 18:25:28,024 - INFO - Prediction request received: model_name='Accuracy'
2023-05-07 18:25:32,158 - INFO - Prediction result: {'tru': 1, 'sax': 1, 'vio': 0, 'gac': 0, 'org': 0, 'cla': 0, 'flu': 0, 'voi': 0, 'gel': 0, 'cel': 0, 'pia': 1}
2023-05-07 18:25:32,209 - INFO - Prediction request received: model_name='Accuracy'
2023-05-07 18:25:36,455 - INFO - Prediction result: {'tru': 0, 'sax': 0, 'vio': 0, 'gac': 0, 'org': 0, 'cla': 0, 'flu': 0, 'voi': 1, 'gel': 0, 'cel': 0, 'pia': 0}
2023-05-07 18:25:36,525 - INFO - Prediction request received: model_name='Accuracy'
2023-05-07 18:25:41,384 - INFO - Prediction result: {'tru': 1, 'sax': 0, 'vio': 0, 'gac': 0, 'org': 0, 'cla': 0, 'flu': 0, 'voi': 0, 'gel': 0, 'cel': 0, 'pia': 1}
2023-05-07 18:25:41,518 - INFO - Prediction request received: model_name='Accuracy'
2023-05-07 18:25:45,541 - INFO - Prediction result: {'tru': 1, 'sax': 0, 'vio': 0, 'gac': 0, 'org': 0, 'cla': 0, 'flu': 0, 'voi': 0, 'gel': 0, 'cel': 0, 'pia': 0}
2023-05-07 18:25:45,607 - INFO - Prediction request received: model_name='Accuracy'
2023-05-07 18:25:49,512 - INFO - Prediction result: {'tru': 0, 'sax': 1, 'vio': 0, 'gac': 0, 'org': 0, 'cla': 0, 'flu': 0, 'voi': 0, 'gel': 0, 'cel': 0, 'pia': 0}
2023-05-07 18:25:49,587 - INFO - Prediction request received: model_name='Accuracy'
2023-05-07 18:25:53,451 - INFO - Prediction result: {'tru': 0, 'sax': 1, 'vio': 0, 'gac': 0, 'org': 0, 'cla': 0, 'flu': 0, 'voi': 1, 'gel': 0, 'cel': 0, 'pia': 0}
2023-05-07 18:25:53,513 - INFO - Prediction request received: model_name='Accuracy'
2023-05-07 18:25:57,408 - INFO - Prediction result: {'tru': 0, 'sax': 1, 'vio': 0, 'gac': 0, 'org': 0, 'cla': 0, 'flu': 0, 'voi': 1, 'gel': 0, 'cel': 0, 'pia': 0}
2023-05-07 18:25:57,462 - INFO - Prediction request received: model_name='Accuracy'
2023-05-07 18:26:00,986 - INFO - Prediction result: {'tru': 0, 'sax': 0, 'vio': 1, 'gac': 0, 'org': 0, 'cla': 0, 'flu': 0, 'voi': 1, 'gel': 0, 'cel': 0, 'pia': 0}
2023-05-07 18:26:01,066 - INFO - Prediction request received: model_name='Accuracy'
2023-05-07 18:26:04,778 - INFO - Prediction result: {'tru': 0, 'sax': 0, 'vio': 0, 'gac': 0, 'org': 0, 'cla': 0, 'flu': 0, 'voi': 1, 'gel': 0, 'cel': 0, 'pia': 0}
2023-05-07 18:26:04,840 - INFO - Prediction request received: model_name='Accuracy'
2023-05-07 18:26:08,398 - INFO - Prediction result: {'tru': 0, 'sax': 0, 'vio': 0, 'gac': 0, 'org': 0, 'cla': 0, 'flu': 0, 'voi': 1, 'gel': 0, 'cel': 0, 'pia': 0}
2023-05-07 18:26:08,465 - INFO - Prediction request received: model_name='Accuracy'
2023-05-07 18:26:12,485 - INFO - Prediction result: {'tru': 1, 'sax': 1, 'vio': 0, 'gac': 0, 'org': 0, 'cla': 0, 'flu': 0, 'voi': 0, 'gel': 0, 'cel': 0, 'pia': 0}
2023-05-07 18:26:12,545 - INFO - Prediction request received: model_name='Accuracy'
2023-05-07 18:26:16,675 - INFO - Prediction result: {'tru': 0, 'sax': 1, 'vio': 0, 'gac': 0, 'org': 0, 'cla': 0, 'flu': 0, 'voi': 1, 'gel': 0, 'cel': 0, 'pia': 0}
2023-05-07 18:26:16,749 - INFO - Prediction request received: model_name='Accuracy'
2023-05-07 18:26:20,237 - INFO - Prediction result: {'tru': 1, 'sax': 1, 'vio': 0, 'gac': 0, 'org': 0, 'cla': 0, 'flu': 0, 'voi': 0, 'gel': 0, 'cel': 0, 'pia': 0}
2023-05-07 18:26:20,314 - INFO - Prediction request received: model_name='Accuracy'
2023-05-07 18:26:24,221 - INFO - Prediction result: {'tru': 0, 'sax': 0, 'vio': 1, 'gac': 0, 'org': 0, 'cla': 0, 'flu': 0, 'voi': 0, 'gel': 0, 'cel': 0, 'pia': 0}
2023-05-07 18:26:24,292 - INFO - Prediction request received: model_name='Accuracy'
2023-05-07 18:26:28,099 - INFO - Prediction result: {'tru': 0, 'sax': 1, 'vio': 0, 'gac': 0, 'org': 0, 'cla': 0, 'flu': 0, 'voi': 0, 'gel': 1, 'cel': 0, 'pia': 0}
2023-05-07 18:26:28,240 - INFO - Prediction request received: model_name='Accuracy'
2023-05-07 18:26:37,608 - INFO - Prediction result: {'tru': 0, 'sax': 1, 'vio': 0, 'gac': 0, 'org': 0, 'cla': 1, 'flu': 0, 'voi': 0, 'gel': 0, 'cel': 0, 'pia': 0}
2023-05-07 18:26:37,851 - INFO - Prediction request received: model_name='Accuracy'
2023-05-07 18:26:47,337 - INFO - Prediction result: {'tru': 0, 'sax': 1, 'vio': 0, 'gac': 0, 'org': 0, 'cla': 0, 'flu': 0, 'voi': 0, 'gel': 0, 'cel': 1, 'pia': 0}
2023-05-07 18:26:47,419 - INFO - Prediction request received: model_name='Accuracy'
2023-05-07 18:26:51,491 - INFO - Prediction result: {'tru': 1, 'sax': 0, 'vio': 0, 'gac': 0, 'org': 0, 'cla': 0, 'flu': 0, 'voi': 0, 'gel': 0, 'cel': 0, 'pia': 0}
2023-05-07 18:26:51,595 - INFO - Prediction request received: model_name='Accuracy'
2023-05-07 18:26:57,312 - INFO - Prediction result: {'tru': 0, 'sax': 0, 'vio': 0, 'gac': 1, 'org': 0, 'cla': 0, 'flu': 0, 'voi': 0, 'gel': 1, 'cel': 0, 'pia': 0}
2023-05-07 18:26:57,444 - INFO - Prediction request received: model_name='Accuracy'
2023-05-07 18:27:02,373 - INFO - Prediction result: {'tru': 0, 'sax': 1, 'vio': 0, 'gac': 0, 'org': 0, 'cla': 0, 'flu': 0, 'voi': 1, 'gel': 0, 'cel': 0, 'pia': 0}
2023-05-07 18:27:02,462 - INFO - Prediction request received: model_name='Accuracy'
2023-05-07 18:27:06,677 - INFO - Prediction result: {'tru': 0, 'sax': 1, 'vio': 0, 'gac': 1, 'org': 0, 'cla': 0, 'flu': 0, 'voi': 0, 'gel': 0, 'cel': 0, 'pia': 0}
2023-05-07 18:27:06,747 - INFO - Prediction request received: model_name='Accuracy'
2023-05-07 18:27:10,978 - INFO - Prediction result: {'tru': 1, 'sax': 0, 'vio': 0, 'gac': 0, 'org': 0, 'cla': 0, 'flu': 0, 'voi': 1, 'gel': 0, 'cel': 0, 'pia': 0}
2023-05-07 18:27:11,077 - INFO - Prediction request received: model_name='Accuracy'
2023-05-07 18:27:14,763 - INFO - Prediction result: {'tru': 1, 'sax': 0, 'vio': 0, 'gac': 0, 'org': 0, 'cla': 0, 'flu': 0, 'voi': 1, 'gel': 0, 'cel': 0, 'pia': 0}
2023-05-07 18:27:14,825 - INFO - Prediction request received: model_name='Accuracy'
2023-05-07 18:27:19,357 - INFO - Prediction result: {'tru': 1, 'sax': 1, 'vio': 0, 'gac': 0, 'org': 0, 'cla': 0, 'flu': 0, 'voi': 0, 'gel': 0, 'cel': 0, 'pia': 0}
2023-05-07 18:27:19,489 - INFO - Prediction request received: model_name='Accuracy'
2023-05-07 18:27:24,170 - INFO - Prediction result: {'tru': 1, 'sax': 0, 'vio': 0, 'gac': 0, 'org': 0, 'cla': 0, 'flu': 0, 'voi': 1, 'gel': 0, 'cel': 0, 'pia': 0}
2023-05-07 18:27:24,262 - INFO - Prediction request received: model_name='Accuracy'
2023-05-07 18:27:28,021 - INFO - Prediction result: {'tru': 1, 'sax': 1, 'vio': 0, 'gac': 0, 'org': 0, 'cla': 0, 'flu': 0, 'voi': 0, 'gel': 0, 'cel': 0, 'pia': 0}
2023-05-07 18:27:28,089 - INFO - Prediction request received: model_name='Accuracy'
2023-05-07 18:27:32,327 - INFO - Prediction result: {'tru': 0, 'sax': 1, 'vio': 0, 'gac': 0, 'org': 0, 'cla': 0, 'flu': 0, 'voi': 0, 'gel': 0, 'cel': 0, 'pia': 0}
2023-05-07 18:27:32,394 - INFO - Prediction request received: model_name='Accuracy'
2023-05-07 18:27:35,982 - INFO - Prediction result: {'tru': 0, 'sax': 1, 'vio': 0, 'gac': 0, 'org': 0, 'cla': 1, 'flu': 0, 'voi': 0, 'gel': 0, 'cel': 0, 'pia': 0}
2023-05-07 18:27:36,086 - INFO - Prediction request received: model_name='Accuracy'
2023-05-07 18:27:39,992 - INFO - Prediction result: {'tru': 0, 'sax': 0, 'vio': 0, 'gac': 1, 'org': 0, 'cla': 0, 'flu': 0, 'voi': 0, 'gel': 1, 'cel': 0, 'pia': 0}
2023-05-07 18:27:40,051 - INFO - Prediction request received: model_name='Accuracy'
2023-05-07 18:27:44,074 - INFO - Prediction result: {'tru': 0, 'sax': 0, 'vio': 0, 'gac': 0, 'org': 0, 'cla': 0, 'flu': 0, 'voi': 1, 'gel': 0, 'cel': 0, 'pia': 0}
2023-05-07 18:27:44,158 - INFO - Prediction request received: model_name='Accuracy'
2023-05-07 18:27:48,041 - INFO - Prediction result: {'tru': 1, 'sax': 0, 'vio': 0, 'gac': 0, 'org': 0, 'cla': 0, 'flu': 0, 'voi': 0, 'gel': 1, 'cel': 0, 'pia': 0}
2023-05-07 18:27:48,140 - INFO - Prediction request received: model_name='Accuracy'
2023-05-07 18:27:52,606 - INFO - Prediction result: {'tru': 1, 'sax': 1, 'vio': 0, 'gac': 0, 'org': 0, 'cla': 0, 'flu': 0, 'voi': 0, 'gel': 0, 'cel': 0, 'pia': 0}
2023-05-07 18:27:52,671 - INFO - Prediction request received: model_name='Accuracy'
2023-05-07 18:27:56,302 - INFO - Prediction result: {'tru': 0, 'sax': 0, 'vio': 1, 'gac': 0, 'org': 0, 'cla': 0, 'flu': 1, 'voi': 0, 'gel': 0, 'cel': 0, 'pia': 0}
2023-05-07 18:27:56,370 - INFO - Prediction request received: model_name='Accuracy'
2023-05-07 18:28:00,459 - INFO - Prediction result: {'tru': 1, 'sax': 0, 'vio': 0, 'gac': 1, 'org': 0, 'cla': 0, 'flu': 0, 'voi': 0, 'gel': 0, 'cel': 0, 'pia': 0}
2023-05-07 18:28:00,690 - INFO - Prediction request received: model_name='Accuracy'
2023-05-07 18:28:05,398 - INFO - Prediction result: {'tru': 1, 'sax': 1, 'vio': 0, 'gac': 0, 'org': 0, 'cla': 0, 'flu': 0, 'voi': 0, 'gel': 0, 'cel': 0, 'pia': 0}
2023-05-07 18:28:05,468 - INFO - Prediction request received: model_name='Accuracy'
2023-05-07 18:28:09,849 - INFO - Prediction result: {'tru': 1, 'sax': 0, 'vio': 0, 'gac': 0, 'org': 0, 'cla': 0, 'flu': 0, 'voi': 0, 'gel': 0, 'cel': 0, 'pia': 1}
2023-05-07 18:28:09,934 - INFO - Prediction request received: model_name='Accuracy'
2023-05-07 18:28:14,951 - INFO - Prediction result: {'tru': 1, 'sax': 0, 'vio': 1, 'gac': 0, 'org': 0, 'cla': 0, 'flu': 0, 'voi': 1, 'gel': 0, 'cel': 0, 'pia': 1}
2023-05-07 18:28:15,034 - INFO - Prediction request received: model_name='Accuracy'
2023-05-07 18:28:19,380 - INFO - Prediction result: {'tru': 1, 'sax': 0, 'vio': 0, 'gac': 0, 'org': 0, 'cla': 0, 'flu': 0, 'voi': 0, 'gel': 0, 'cel': 0, 'pia': 0}
2023-05-07 18:28:19,447 - INFO - Prediction request received: model_name='Accuracy'
2023-05-07 18:28:23,394 - INFO - Prediction result: {'tru': 1, 'sax': 0, 'vio': 1, 'gac': 0, 'org': 0, 'cla': 0, 'flu': 0, 'voi': 0, 'gel': 0, 'cel': 0, 'pia': 0}
2023-05-07 18:28:23,444 - INFO - Prediction request received: model_name='Accuracy'
2023-05-07 18:28:27,016 - INFO - Prediction result: {'tru': 0, 'sax': 0, 'vio': 0, 'gac': 0, 'org': 0, 'cla': 0, 'flu': 0, 'voi': 0, 'gel': 0, 'cel': 0, 'pia': 0}
2023-05-07 18:28:27,086 - INFO - Prediction request received: model_name='Accuracy'
2023-05-07 18:28:31,091 - INFO - Prediction result: {'tru': 1, 'sax': 1, 'vio': 0, 'gac': 0, 'org': 0, 'cla': 0, 'flu': 0, 'voi': 0, 'gel': 1, 'cel': 0, 'pia': 0}
2023-05-07 18:28:31,147 - INFO - Prediction request received: model_name='Accuracy'
2023-05-07 18:28:34,986 - INFO - Prediction result: {'tru': 1, 'sax': 0, 'vio': 0, 'gac': 1, 'org': 0, 'cla': 0, 'flu': 0, 'voi': 0, 'gel': 1, 'cel': 0, 'pia': 0}
2023-05-07 18:28:35,047 - INFO - Prediction request received: model_name='Accuracy'
2023-05-07 18:28:39,963 - INFO - Prediction result: {'tru': 1, 'sax': 0, 'vio': 0, 'gac': 0, 'org': 0, 'cla': 0, 'flu': 0, 'voi': 1, 'gel': 0, 'cel': 0, 'pia': 0}
2023-05-07 18:28:40,036 - INFO - Prediction request received: model_name='Accuracy'
2023-05-07 18:28:44,544 - INFO - Prediction result: {'tru': 1, 'sax': 1, 'vio': 0, 'gac': 0, 'org': 0, 'cla': 0, 'flu': 0, 'voi': 0, 'gel': 0, 'cel': 0, 'pia': 0}
2023-05-07 18:28:44,598 - INFO - Prediction request received: model_name='Accuracy'
2023-05-07 18:28:48,669 - INFO - Prediction result: {'tru': 0, 'sax': 0, 'vio': 1, 'gac': 0, 'org': 0, 'cla': 0, 'flu': 0, 'voi': 1, 'gel': 0, 'cel': 0, 'pia': 0}
2023-05-07 18:28:48,744 - INFO - Prediction request received: model_name='Accuracy'
2023-05-07 18:28:52,690 - INFO - Prediction result: {'tru': 0, 'sax': 1, 'vio': 0, 'gac': 0, 'org': 0, 'cla': 0, 'flu': 0, 'voi': 0, 'gel': 0, 'cel': 0, 'pia': 0}
2023-05-07 18:28:52,738 - INFO - Prediction request received: model_name='Accuracy'
2023-05-07 18:28:56,427 - INFO - Prediction result: {'tru': 0, 'sax': 0, 'vio': 1, 'gac': 0, 'org': 0, 'cla': 0, 'flu': 0, 'voi': 0, 'gel': 0, 'cel': 0, 'pia': 1}
2023-05-07 18:28:56,509 - INFO - Prediction request received: model_name='Accuracy'
2023-05-07 18:29:01,029 - INFO - Prediction result: {'tru': 0, 'sax': 0, 'vio': 1, 'gac': 0, 'org': 0, 'cla': 0, 'flu': 0, 'voi': 0, 'gel': 0, 'cel': 0, 'pia': 0}
2023-05-07 18:29:01,089 - INFO - Prediction request received: model_name='Accuracy'
2023-05-07 18:29:04,930 - INFO - Prediction result: {'tru': 1, 'sax': 0, 'vio': 0, 'gac': 0, 'org': 0, 'cla': 0, 'flu': 0, 'voi': 1, 'gel': 0, 'cel': 0, 'pia': 0}
2023-05-07 18:29:05,015 - INFO - Prediction request received: model_name='Accuracy'
2023-05-07 18:29:08,773 - INFO - Prediction result: {'tru': 0, 'sax': 0, 'vio': 0, 'gac': 0, 'org': 0, 'cla': 0, 'flu': 0, 'voi': 1, 'gel': 0, 'cel': 0, 'pia': 0}
2023-05-07 18:29:08,844 - INFO - Prediction request received: model_name='Accuracy'
2023-05-07 18:29:17,177 - INFO - Prediction result: {'tru': 1, 'sax': 0, 'vio': 0, 'gac': 0, 'org': 0, 'cla': 0, 'flu': 0, 'voi': 0, 'gel': 0, 'cel': 0, 'pia': 0}
2023-05-07 18:29:17,371 - INFO - Prediction request received: model_name='Accuracy'
2023-05-07 18:29:21,670 - INFO - Prediction result: {'tru': 0, 'sax': 0, 'vio': 0, 'gac': 0, 'org': 0, 'cla': 0, 'flu': 0, 'voi': 0, 'gel': 1, 'cel': 0, 'pia': 0}
2023-05-07 18:29:21,718 - INFO - Prediction request received: model_name='Accuracy'
2023-05-07 18:29:26,214 - INFO - Prediction result: {'tru': 0, 'sax': 1, 'vio': 0, 'gac': 0, 'org': 0, 'cla': 0, 'flu': 0, 'voi': 0, 'gel': 1, 'cel': 0, 'pia': 0}
2023-05-07 18:29:26,305 - INFO - Prediction request received: model_name='Accuracy'
2023-05-07 18:29:30,346 - INFO - Prediction result: {'tru': 1, 'sax': 0, 'vio': 0, 'gac': 0, 'org': 0, 'cla': 0, 'flu': 0, 'voi': 1, 'gel': 0, 'cel': 0, 'pia': 0}
2023-05-07 18:29:30,437 - INFO - Prediction request received: model_name='Accuracy'
2023-05-07 18:29:34,331 - INFO - Prediction result: {'tru': 1, 'sax': 0, 'vio': 0, 'gac': 0, 'org': 0, 'cla': 0, 'flu': 0, 'voi': 1, 'gel': 0, 'cel': 0, 'pia': 0}
2023-05-07 18:29:34,405 - INFO - Prediction request received: model_name='Accuracy'
2023-05-07 18:29:38,034 - INFO - Prediction result: {'tru': 0, 'sax': 0, 'vio': 1, 'gac': 0, 'org': 0, 'cla': 0, 'flu': 0, 'voi': 0, 'gel': 1, 'cel': 0, 'pia': 0}
2023-05-07 18:29:38,101 - INFO - Prediction request received: model_name='Accuracy'
2023-05-07 18:29:42,469 - INFO - Prediction result: {'tru': 0, 'sax': 0, 'vio': 0, 'gac': 0, 'org': 0, 'cla': 0, 'flu': 0, 'voi': 1, 'gel': 0, 'cel': 0, 'pia': 0}
2023-05-07 18:29:42,571 - INFO - Prediction request received: model_name='Accuracy'
2023-05-07 18:29:49,514 - INFO - Prediction result: {'tru': 0, 'sax': 0, 'vio': 0, 'gac': 1, 'org': 0, 'cla': 0, 'flu': 0, 'voi': 1, 'gel': 0, 'cel': 0, 'pia': 0}
2023-05-07 18:29:49,578 - INFO - Prediction request received: model_name='Accuracy'
2023-05-07 18:29:53,933 - INFO - Prediction result: {'tru': 0, 'sax': 0, 'vio': 0, 'gac': 0, 'org': 0, 'cla': 0, 'flu': 1, 'voi': 0, 'gel': 0, 'cel': 0, 'pia': 0}
2023-05-07 18:29:53,996 - INFO - Prediction request received: model_name='Accuracy'
2023-05-07 18:29:58,208 - INFO - Prediction result: {'tru': 0, 'sax': 0, 'vio': 1, 'gac': 0, 'org': 0, 'cla': 0, 'flu': 0, 'voi': 1, 'gel': 0, 'cel': 0, 'pia': 0}
2023-05-07 18:29:58,265 - INFO - Prediction request received: model_name='Accuracy'
2023-05-07 18:30:03,229 - INFO - Prediction result: {'tru': 0, 'sax': 0, 'vio': 0, 'gac': 0, 'org': 0, 'cla': 0, 'flu': 0, 'voi': 1, 'gel': 0, 'cel': 0, 'pia': 0}
2023-05-07 18:30:03,293 - INFO - Prediction request received: model_name='Accuracy'
2023-05-07 18:30:07,091 - INFO - Prediction result: {'tru': 1, 'sax': 0, 'vio': 0, 'gac': 0, 'org': 1, 'cla': 0, 'flu': 0, 'voi': 0, 'gel': 0, 'cel': 0, 'pia': 0}
2023-05-07 18:30:07,142 - INFO - Prediction request received: model_name='Accuracy'
2023-05-07 18:30:11,164 - INFO - Prediction result: {'tru': 0, 'sax': 0, 'vio': 0, 'gac': 0, 'org': 0, 'cla': 0, 'flu': 0, 'voi': 0, 'gel': 0, 'cel': 1, 'pia': 1}
2023-05-07 18:30:11,241 - INFO - Prediction request received: model_name='Accuracy'
2023-05-07 18:30:15,214 - INFO - Prediction result: {'tru': 0, 'sax': 1, 'vio': 0, 'gac': 0, 'org': 0, 'cla': 0, 'flu': 0, 'voi': 1, 'gel': 0, 'cel': 0, 'pia': 0}
2023-05-07 18:30:15,268 - INFO - Prediction request received: model_name='Accuracy'
2023-05-07 18:30:19,075 - INFO - Prediction result: {'tru': 0, 'sax': 1, 'vio': 0, 'gac': 0, 'org': 0, 'cla': 0, 'flu': 0, 'voi': 1, 'gel': 0, 'cel': 0, 'pia': 0}
2023-05-07 18:30:19,133 - INFO - Prediction request received: model_name='Accuracy'
2023-05-07 18:30:23,322 - INFO - Prediction result: {'tru': 0, 'sax': 1, 'vio': 0, 'gac': 0, 'org': 0, 'cla': 0, 'flu': 0, 'voi': 1, 'gel': 0, 'cel': 0, 'pia': 0}
2023-05-07 18:30:23,406 - INFO - Prediction request received: model_name='Accuracy'
2023-05-07 18:30:29,134 - INFO - Prediction result: {'tru': 1, 'sax': 0, 'vio': 0, 'gac': 0, 'org': 0, 'cla': 0, 'flu': 0, 'voi': 0, 'gel': 0, 'cel': 0, 'pia': 0}
2023-05-07 18:30:29,252 - INFO - Prediction request received: model_name='Accuracy'
2023-05-07 18:30:34,489 - INFO - Prediction result: {'tru': 0, 'sax': 0, 'vio': 0, 'gac': 0, 'org': 0, 'cla': 0, 'flu': 0, 'voi': 1, 'gel': 0, 'cel': 1, 'pia': 0}
2023-05-07 18:30:34,548 - INFO - Prediction request received: model_name='Accuracy'
2023-05-07 18:30:38,339 - INFO - Prediction result: {'tru': 0, 'sax': 1, 'vio': 0, 'gac': 1, 'org': 0, 'cla': 0, 'flu': 0, 'voi': 0, 'gel': 0, 'cel': 0, 'pia': 0}
2023-05-07 18:30:38,393 - INFO - Prediction request received: model_name='Accuracy'
2023-05-07 18:30:42,425 - INFO - Prediction result: {'tru': 0, 'sax': 0, 'vio': 0, 'gac': 0, 'org': 0, 'cla': 0, 'flu': 0, 'voi': 1, 'gel': 0, 'cel': 0, 'pia': 0}
2023-05-07 18:30:42,559 - INFO - Prediction request received: model_name='Accuracy'
2023-05-07 18:30:46,696 - INFO - Prediction result: {'tru': 0, 'sax': 0, 'vio': 0, 'gac': 0, 'org': 0, 'cla': 0, 'flu': 0, 'voi': 1, 'gel': 1, 'cel': 0, 'pia': 1}
2023-05-07 18:30:46,783 - INFO - Prediction request received: model_name='Accuracy'
2023-05-07 18:30:51,100 - INFO - Prediction result: {'tru': 1, 'sax': 0, 'vio': 0, 'gac': 1, 'org': 0, 'cla': 0, 'flu': 0, 'voi': 0, 'gel': 0, 'cel': 0, 'pia': 0}
2023-05-07 18:30:51,196 - INFO - Prediction request received: model_name='Accuracy'
2023-05-07 18:30:55,450 - INFO - Prediction result: {'tru': 0, 'sax': 0, 'vio': 0, 'gac': 0, 'org': 0, 'cla': 0, 'flu': 0, 'voi': 1, 'gel': 0, 'cel': 0, 'pia': 0}
2023-05-07 18:30:55,528 - INFO - Prediction request received: model_name='Accuracy'
2023-05-07 18:30:59,454 - INFO - Prediction result: {'tru': 0, 'sax': 0, 'vio': 0, 'gac': 0, 'org': 0, 'cla': 0, 'flu': 0, 'voi': 1, 'gel': 0, 'cel': 1, 'pia': 0}
2023-05-07 18:30:59,515 - INFO - Prediction request received: model_name='Accuracy'
2023-05-07 18:31:03,416 - INFO - Prediction result: {'tru': 1, 'sax': 1, 'vio': 0, 'gac': 0, 'org': 0, 'cla': 0, 'flu': 0, 'voi': 0, 'gel': 0, 'cel': 0, 'pia': 0}
2023-05-07 18:31:03,554 - INFO - Prediction request received: model_name='Accuracy'
2023-05-07 18:31:07,466 - INFO - Prediction result: {'tru': 1, 'sax': 1, 'vio': 0, 'gac': 0, 'org': 0, 'cla': 0, 'flu': 0, 'voi': 0, 'gel': 0, 'cel': 0, 'pia': 0}
2023-05-08 14:41:48,055 - INFO - Health check endpoint was hit
2023-05-08 14:41:48,257 - INFO - Prediction request received: model_name='Accuracy'
2023-05-08 14:41:54,350 - INFO - Prediction result: {'tru': 0, 'sax': 0, 'vio': 0, 'gac': 0, 'org': 0, 'cla': 0, 'flu': 0, 'voi': 0, 'gel': 1, 'cel': 0, 'pia': 0}
2023-05-08 14:41:54,430 - INFO - Prediction request received: model_name='Accuracy'
2023-05-08 14:41:58,748 - INFO - Prediction result: {'tru': 0, 'sax': 0, 'vio': 0, 'gac': 0, 'org': 0, 'cla': 0, 'flu': 0, 'voi': 0, 'gel': 1, 'cel': 0, 'pia': 0}
2023-05-08 14:41:58,759 - ERROR - Invalid file type error: Only wav files are supported
2023-05-08 14:41:58,767 - ERROR - Invalid model error: Selected model doesn't exist
2023-05-08 14:42:48,565 - INFO - Health check endpoint was hit
2023-05-08 14:42:49,636 - INFO - Prediction request received: model_name='Accuracy'
2023-05-08 14:42:53,860 - INFO - Prediction result: {'tru': 0, 'sax': 0, 'vio': 0, 'gac': 0, 'org': 0, 'cla': 0, 'flu': 0, 'voi': 0, 'gel': 1, 'cel': 0, 'pia': 0}
2023-05-08 14:42:53,981 - INFO - Prediction request received: model_name='Accuracy'
2023-05-08 14:42:57,836 - INFO - Prediction result: {'tru': 0, 'sax': 0, 'vio': 0, 'gac': 0, 'org': 0, 'cla': 0, 'flu': 0, 'voi': 0, 'gel': 1, 'cel': 0, 'pia': 0}
2023-05-08 14:42:57,848 - ERROR - Invalid file type error: Only wav files are supported
2023-05-08 14:42:57,857 - ERROR - Invalid model error: Selected model doesn't exist
2023-05-08 14:43:52,608 - INFO - Health check endpoint was hit
2023-05-08 14:43:52,715 - INFO - Prediction request received: model_name='Accuracy'
2023-05-08 14:43:56,156 - INFO - Prediction result: {'tru': 0, 'sax': 0, 'vio': 0, 'gac': 0, 'org': 0, 'cla': 0, 'flu': 0, 'voi': 0, 'gel': 1, 'cel': 0, 'pia': 0}
2023-05-08 14:45:02,164 - INFO - Health check endpoint was hit
2023-05-08 14:45:02,270 - INFO - Prediction request received: model_name='Accuracy'
2023-05-08 14:45:05,781 - INFO - Prediction result: {'tru': 0, 'sax': 0, 'vio': 0, 'gac': 0, 'org': 0, 'cla': 0, 'flu': 0, 'voi': 0, 'gel': 1, 'cel': 0, 'pia': 0}
2023-05-08 14:45:05,979 - INFO - Prediction request received: model_name='Accuracy'
2023-05-08 14:45:09,632 - INFO - Prediction result: {'tru': 0, 'sax': 0, 'vio': 0, 'gac': 0, 'org': 0, 'cla': 0, 'flu': 0, 'voi': 0, 'gel': 1, 'cel': 0, 'pia': 0}
2023-05-08 14:45:09,644 - ERROR - Invalid file type error: Only wav files are supported
2023-05-08 14:45:09,654 - ERROR - Invalid model error: Selected model doesn't exist
2023-05-08 15:20:08,518 - INFO - Health check endpoint was hit
2023-05-08 15:20:14,111 - INFO - Prediction request received: model_name='Accuracy'
2023-05-08 15:20:19,897 - INFO - Prediction result: {'tru': 0, 'sax': 0, 'vio': 0, 'gac': 0, 'org': 0, 'cla': 0, 'flu': 0, 'voi': 1, 'gel': 0, 'cel': 0, 'pia': 0}
2023-05-08 15:20:26,724 - INFO - Prediction request received: model_name='Accuracy'
2023-05-08 15:20:31,962 - INFO - Prediction result: {'tru': 0, 'sax': 0, 'vio': 1, 'gac': 0, 'org': 0, 'cla': 0, 'flu': 0, 'voi': 0, 'gel': 0, 'cel': 0, 'pia': 0}
2023-05-08 15:32:16,819 - INFO - Health check endpoint was hit
2023-05-08 15:32:30,724 - INFO - Prediction request received: model_name='Accuracy'
2023-05-08 15:32:37,154 - INFO - Prediction result: {'tru': 0, 'sax': 0, 'vio': 0, 'gac': 0, 'org': 0, 'cla': 0, 'flu': 0, 'voi': 1, 'gel': 0, 'cel': 0, 'pia': 0}
2023-05-08 15:33:10,287 - INFO - Health check endpoint was hit
2023-05-09 09:30:51,778 - INFO - Health check endpoint was hit
2023-05-09 09:30:58,595 - INFO - Prediction request received: model_name='Accuracy'
2023-05-09 09:31:03,728 - INFO - Prediction result: {'tru': 0, 'sax': 0, 'vio': 0, 'gac': 0, 'org': 0, 'cla': 0, 'flu': 0, 'voi': 1, 'gel': 0, 'cel': 0, 'pia': 0}
2023-05-09 09:31:09,960 - INFO - Prediction request received: model_name='Speed'
2023-05-09 09:31:10,711 - INFO - Prediction result: {'tru': 0, 'sax': 0, 'vio': 1, 'gac': 0, 'org': 0, 'cla': 0, 'flu': 0, 'voi': 0, 'gel': 0, 'cel': 0, 'pia': 0}
2023-05-09 09:31:30,400 - INFO - Prediction request received: model_name='Speed'
2023-05-09 09:31:30,990 - INFO - Prediction result: {'tru': 1, 'sax': 0, 'vio': 0, 'gac': 0, 'org': 0, 'cla': 0, 'flu': 0, 'voi': 0, 'gel': 0, 'cel': 0, 'pia': 0}
2023-05-09 09:31:31,006 - INFO - Prediction request received: model_name='Speed'
2023-05-09 09:31:31,587 - INFO - Prediction result: {'tru': 0, 'sax': 0, 'vio': 0, 'gac': 0, 'org': 0, 'cla': 0, 'flu': 0, 'voi': 1, 'gel': 0, 'cel': 0, 'pia': 0}
2023-05-09 09:31:31,618 - INFO - Prediction request received: model_name='Speed'
2023-05-09 09:31:32,170 - INFO - Prediction result: {'tru': 0, 'sax': 0, 'vio': 0, 'gac': 0, 'org': 0, 'cla': 0, 'flu': 0, 'voi': 1, 'gel': 0, 'cel': 0, 'pia': 0}
2023-05-09 09:31:32,257 - INFO - Prediction request received: model_name='Speed'
2023-05-09 09:31:32,829 - INFO - Prediction result: {'tru': 1, 'sax': 0, 'vio': 0, 'gac': 0, 'org': 0, 'cla': 0, 'flu': 0, 'voi': 0, 'gel': 0, 'cel': 0, 'pia': 0}
2023-05-09 09:31:32,912 - INFO - Prediction request received: model_name='Speed'
2023-05-09 09:31:33,522 - INFO - Prediction result: {'tru': 0, 'sax': 0, 'vio': 0, 'gac': 0, 'org': 0, 'cla': 0, 'flu': 0, 'voi': 0, 'gel': 0, 'cel': 0, 'pia': 0}
2023-05-09 09:31:33,610 - INFO - Prediction request received: model_name='Speed'
2023-05-09 09:31:34,212 - INFO - Prediction result: {'tru': 0, 'sax': 0, 'vio': 0, 'gac': 0, 'org': 0, 'cla': 0, 'flu': 0, 'voi': 1, 'gel': 0, 'cel': 0, 'pia': 0}
2023-05-09 09:31:34,252 - INFO - Prediction request received: model_name='Speed'
2023-05-09 09:31:34,812 - INFO - Prediction result: {'tru': 0, 'sax': 0, 'vio': 0, 'gac': 0, 'org': 0, 'cla': 0, 'flu': 0, 'voi': 0, 'gel': 0, 'cel': 0, 'pia': 0}
2023-05-09 09:31:34,896 - INFO - Prediction request received: model_name='Speed'
2023-05-09 09:31:35,440 - INFO - Prediction result: {'tru': 0, 'sax': 0, 'vio': 0, 'gac': 0, 'org': 0, 'cla': 0, 'flu': 0, 'voi': 0, 'gel': 0, 'cel': 0, 'pia': 0}
2023-05-09 09:31:35,462 - INFO - Prediction request received: model_name='Speed'
2023-05-09 09:31:35,992 - INFO - Prediction result: {'tru': 0, 'sax': 0, 'vio': 0, 'gac': 0, 'org': 0, 'cla': 0, 'flu': 0, 'voi': 1, 'gel': 1, 'cel': 0, 'pia': 0}
2023-05-09 09:31:36,020 - INFO - Prediction request received: model_name='Speed'
2023-05-09 09:31:36,591 - INFO - Prediction result: {'tru': 0, 'sax': 0, 'vio': 0, 'gac': 0, 'org': 0, 'cla': 0, 'flu': 0, 'voi': 0, 'gel': 1, 'cel': 0, 'pia': 0}
2023-05-09 09:31:36,654 - INFO - Prediction request received: model_name='Speed'
2023-05-09 09:31:37,236 - INFO - Prediction result: {'tru': 0, 'sax': 0, 'vio': 0, 'gac': 0, 'org': 0, 'cla': 0, 'flu': 0, 'voi': 1, 'gel': 0, 'cel': 0, 'pia': 0}
2023-05-09 09:31:37,287 - INFO - Prediction request received: model_name='Speed'
2023-05-09 09:31:37,858 - INFO - Prediction result: {'tru': 0, 'sax': 0, 'vio': 0, 'gac': 0, 'org': 0, 'cla': 0, 'flu': 0, 'voi': 1, 'gel': 1, 'cel': 0, 'pia': 0}
2023-05-09 09:31:37,901 - INFO - Prediction request received: model_name='Speed'
2023-05-09 09:31:38,457 - INFO - Prediction result: {'tru': 0, 'sax': 0, 'vio': 0, 'gac': 0, 'org': 0, 'cla': 0, 'flu': 0, 'voi': 1, 'gel': 0, 'cel': 0, 'pia': 0}
2023-05-09 09:31:38,497 - INFO - Prediction request received: model_name='Speed'
2023-05-09 09:31:39,065 - INFO - Prediction result: {'tru': 0, 'sax': 0, 'vio': 0, 'gac': 0, 'org': 0, 'cla': 0, 'flu': 0, 'voi': 1, 'gel': 1, 'cel': 0, 'pia': 0}
2023-05-09 09:31:39,156 - INFO - Prediction request received: model_name='Speed'
2023-05-09 09:31:39,768 - INFO - Prediction result: {'tru': 0, 'sax': 0, 'vio': 0, 'gac': 0, 'org': 0, 'cla': 0, 'flu': 0, 'voi': 0, 'gel': 1, 'cel': 0, 'pia': 0}
2023-05-09 09:31:39,851 - INFO - Prediction request received: model_name='Speed'
2023-05-09 09:31:40,473 - INFO - Prediction result: {'tru': 0, 'sax': 0, 'vio': 0, 'gac': 0, 'org': 0, 'cla': 0, 'flu': 0, 'voi': 1, 'gel': 0, 'cel': 0, 'pia': 0}
2023-05-09 09:31:40,560 - INFO - Prediction request received: model_name='Speed'
2023-05-09 09:31:41,160 - INFO - Prediction result: {'tru': 0, 'sax': 0, 'vio': 0, 'gac': 0, 'org': 0, 'cla': 0, 'flu': 0, 'voi': 1, 'gel': 0, 'cel': 0, 'pia': 0}
2023-05-09 09:32:11,240 - INFO - Prediction request received: model_name='Speed'
2023-05-09 09:32:12,562 - INFO - Prediction result: {'tru': 0, 'sax': 0, 'vio': 0, 'gac': 0, 'org': 0, 'cla': 0, 'flu': 0, 'voi': 0, 'gel': 0, 'cel': 0, 'pia': 0}
2023-05-09 09:32:21,876 - INFO - Prediction request received: model_name='Speed'
2023-05-09 09:32:22,939 - INFO - Prediction result: {'tru': 0, 'sax': 0, 'vio': 0, 'gac': 0, 'org': 0, 'cla': 0, 'flu': 0, 'voi': 1, 'gel': 0, 'cel': 0, 'pia': 0}
2023-05-09 09:32:43,516 - INFO - Prediction request received: model_name='Speed'
2023-05-09 09:32:44,431 - INFO - Prediction result: {'tru': 0, 'sax': 0, 'vio': 0, 'gac': 0, 'org': 0, 'cla': 0, 'flu': 0, 'voi': 1, 'gel': 0, 'cel': 0, 'pia': 0}
2023-05-09 09:32:53,497 - INFO - Prediction request received: model_name='Speed'
2023-05-09 09:32:54,452 - INFO - Prediction result: {'tru': 0, 'sax': 0, 'vio': 0, 'gac': 0, 'org': 0, 'cla': 0, 'flu': 0, 'voi': 1, 'gel': 0, 'cel': 0, 'pia': 0}
2023-05-09 09:33:05,759 - INFO - Prediction request received: model_name='Speed'
2023-05-09 09:33:06,496 - INFO - Prediction result: {'tru': 0, 'sax': 0, 'vio': 0, 'gac': 0, 'org': 0, 'cla': 0, 'flu': 0, 'voi': 1, 'gel': 0, 'cel': 0, 'pia': 0}
2023-05-09 09:33:19,577 - INFO - Prediction request received: model_name='Speed'
2023-05-09 09:33:20,465 - INFO - Prediction result: {'tru': 0, 'sax': 0, 'vio': 0, 'gac': 0, 'org': 0, 'cla': 0, 'flu': 0, 'voi': 1, 'gel': 0, 'cel': 0, 'pia': 0}
2023-05-09 09:33:30,130 - INFO - Prediction request received: model_name='Speed'
2023-05-09 09:33:31,271 - INFO - Prediction result: {'tru': 0, 'sax': 0, 'vio': 0, 'gac': 0, 'org': 0, 'cla': 0, 'flu': 0, 'voi': 0, 'gel': 1, 'cel': 0, 'pia': 0}
2023-05-09 09:36:29,392 - INFO - Health check endpoint was hit
2023-05-09 09:37:03,655 - INFO - Health check endpoint was hit
2023-05-09 09:40:19,784 - INFO - Prediction request received: model_name='Accuracy'
2023-05-09 09:42:12,945 - INFO - Prediction result: {'tru': 0, 'sax': 0, 'vio': 0, 'gac': 0, 'org': 0, 'cla': 0, 'flu': 0, 'voi': 0, 'gel': 1, 'cel': 0, 'pia': 1}
2023-05-09 09:43:24,467 - INFO - Prediction request received: model_name='Speed'
2023-05-09 09:44:11,800 - INFO - Prediction result: {'tru': 0, 'sax': 0, 'vio': 0, 'gac': 0, 'org': 0, 'cla': 0, 'flu': 0, 'voi': 0, 'gel': 0, 'cel': 0, 'pia': 1}
2023-05-09 09:44:44,125 - INFO - Prediction request received: model_name='Accuracy'
2023-05-09 09:44:52,531 - INFO - Prediction result: {'tru': 0, 'sax': 0, 'vio': 0, 'gac': 0, 'org': 0, 'cla': 0, 'flu': 0, 'voi': 1, 'gel': 0, 'cel': 0, 'pia': 0}
2023-05-09 09:45:07,563 - INFO - Prediction request received: model_name='Accuracy'
2023-05-09 09:45:19,523 - INFO - Prediction result: {'tru': 0, 'sax': 0, 'vio': 0, 'gac': 0, 'org': 0, 'cla': 0, 'flu': 0, 'voi': 1, 'gel': 1, 'cel': 0, 'pia': 1}
